# JRE version: Java(TM) SE Runtime Environment (17.0.10+11) (build 17.0.10+11-LTS-240)
# Java VM: Java HotSpot(TM) 64-Bit Server VM (17.0.10+11-LTS-240, mixed mode, sharing, tiered, compressed oops, compressed class ptrs, g1 gc, windows-amd64)
GC Precious Log:
 CPUs: 12 total, 12 available
 Memory: 16109M
 Large Page Support: Disabled
 NUMA Support: Disabled
 Compressed Oops: Enabled (32-bit)
 Heap Region Size: 1M
 Heap Min Capacity: 8M
 Heap Initial Capacity: 252M
 Heap Max Capacity: 1G
 Pre-touch: Disabled
 Parallel Workers: 10
 Concurrent Workers: 3
 Concurrent Refinement Workers: 10
 Periodic GC: Disabled
Heap:
 garbage-first heap   total 171008K, used 81078K [0x00000000c0000000, 0x0000000100000000)
  region size 1024K, 37 young (37888K), 7 survivors (7168K)
 Metaspace       used 31585K, committed 32000K, reserved 1114112K
  class space    used 3550K, committed 3712K, reserved 1048576K
GC Heap History (20 events):
Event: 0.899 GC heap before
{Heap before GC invocations=1 (full 0):
 garbage-first heap   total 258048K, used 36160K [0x00000000c0000000, 0x0000000100000000)
  region size 1024K, 35 young (35840K), 3 survivors (3072K)
 Metaspace       used 7180K, committed 7360K, reserved 1114112K
  class space    used 866K, committed 960K, reserved 1048576K
}
Event: 0.901 GC heap after
{Heap after GC invocations=2 (full 0):
 garbage-first heap   total 258048K, used 4610K [0x00000000c0000000, 0x0000000100000000)
  region size 1024K, 2 young (2048K), 2 survivors (2048K)
 Metaspace       used 7180K, committed 7360K, reserved 1114112K
  class space    used 866K, committed 960K, reserved 1048576K
}
Event: 3.759 GC heap before
{Heap before GC invocations=2 (full 0):
 garbage-first heap   total 258048K, used 157186K [0x00000000c0000000, 0x0000000100000000)
  region size 1024K, 151 young (154624K), 2 survivors (2048K)
 Metaspace       used 16650K, committed 16960K, reserved 1114112K
  class space    used 1957K, committed 2112K, reserved 1048576K
}
Event: 3.768 GC heap after
{Heap after GC invocations=3 (full 0):
 garbage-first heap   total 258048K, used 14316K [0x00000000c0000000, 0x0000000100000000)
  region size 1024K, 11 young (11264K), 11 survivors (11264K)
 Metaspace       used 16650K, committed 16960K, reserved 1114112K
  class space    used 1957K, committed 2112K, reserved 1048576K
}
Event: 4.468 GC heap before
{Heap before GC invocations=3 (full 0):
 garbage-first heap   total 258048K, used 50156K [0x00000000c0000000, 0x0000000100000000)
  region size 1024K, 43 young (44032K), 11 survivors (11264K)
 Metaspace       used 21255K, committed 21504K, reserved 1114112K
  class space    used 2505K, committed 2624K, reserved 1048576K
}
Event: 4.478 GC heap after
{Heap after GC invocations=4 (full 0):
 garbage-first heap   total 258048K, used 23834K [0x00000000c0000000, 0x0000000100000000)
  region size 1024K, 6 young (6144K), 6 survivors (6144K)
 Metaspace       used 21255K, committed 21504K, reserved 1114112K
  class space    used 2505K, committed 2624K, reserved 1048576K
}
Event: 5.224 GC heap before
{Heap before GC invocations=5 (full 0):
 garbage-first heap   total 86016K, used 69914K [0x00000000c0000000, 0x0000000100000000)
  region size 1024K, 50 young (51200K), 6 survivors (6144K)
 Metaspace       used 25835K, committed 26176K, reserved 1114112K
  class space    used 3010K, committed 3136K, reserved 1048576K
}
Event: 5.234 GC heap after
{Heap after GC invocations=6 (full 0):
 garbage-first heap   total 91136K, used 36986K [0x00000000c0000000, 0x0000000100000000)
  region size 1024K, 7 young (7168K), 7 survivors (7168K)
 Metaspace       used 25835K, committed 26176K, reserved 1114112K
  class space    used 3010K, committed 3136K, reserved 1048576K
}
Event: 5.248 GC heap before
{Heap before GC invocations=6 (full 0):
 garbage-first heap   total 91136K, used 38010K [0x00000000c0000000, 0x0000000100000000)
  region size 1024K, 8 young (8192K), 7 survivors (7168K)
 Metaspace       used 25858K, committed 26176K, reserved 1114112K
  class space    used 3010K, committed 3136K, reserved 1048576K
}
Event: 5.257 GC heap after
{Heap after GC invocations=7 (full 0):
 garbage-first heap   total 91136K, used 38400K [0x00000000c0000000, 0x0000000100000000)
  region size 1024K, 1 young (1024K), 1 survivors (1024K)
 Metaspace       used 25858K, committed 26176K, reserved 1114112K
  class space    used 3010K, committed 3136K, reserved 1048576K
}
Event: 5.527 GC heap before
{Heap before GC invocations=7 (full 0):
 garbage-first heap   total 91136K, used 66048K [0x00000000c0000000, 0x0000000100000000)
  region size 1024K, 27 young (27648K), 1 survivors (1024K)
 Metaspace       used 26205K, committed 26624K, reserved 1114112K
  class space    used 3019K, committed 3200K, reserved 1048576K
}
Event: 5.537 GC heap after
{Heap after GC invocations=8 (full 0):
 garbage-first heap   total 91136K, used 43520K [0x00000000c0000000, 0x0000000100000000)
  region size 1024K, 4 young (4096K), 4 survivors (4096K)
 Metaspace       used 26205K, committed 26624K, reserved 1114112K
  class space    used 3019K, committed 3200K, reserved 1048576K
}
Event: 6.012 GC heap before
{Heap before GC invocations=8 (full 0):
 garbage-first heap   total 91136K, used 68096K [0x00000000c0000000, 0x0000000100000000)
  region size 1024K, 27 young (27648K), 4 survivors (4096K)
 Metaspace       used 27366K, committed 27712K, reserved 1114112K
  class space    used 3144K, committed 3264K, reserved 1048576K
}
Event: 6.022 GC heap after
{Heap after GC invocations=9 (full 0):
 garbage-first heap   total 91136K, used 47213K [0x00000000c0000000, 0x0000000100000000)
  region size 1024K, 3 young (3072K), 3 survivors (3072K)
 Metaspace       used 27366K, committed 27712K, reserved 1114112K
  class space    used 3144K, committed 3264K, reserved 1048576K
}
Event: 6.361 GC heap before
{Heap before GC invocations=9 (full 0):
 garbage-first heap   total 91136K, used 68717K [0x00000000c0000000, 0x0000000100000000)
  region size 1024K, 25 young (25600K), 3 survivors (3072K)
 Metaspace       used 28302K, committed 28672K, reserved 1114112K
  class space    used 3237K, committed 3392K, reserved 1048576K
}
Event: 6.368 GC heap after
{Heap after GC invocations=10 (full 0):
 garbage-first heap   total 182272K, used 47341K [0x00000000c0000000, 0x0000000100000000)
  region size 1024K, 3 young (3072K), 3 survivors (3072K)
 Metaspace       used 28302K, committed 28672K, reserved 1114112K
  class space    used 3237K, committed 3392K, reserved 1048576K
}
Event: 6.962 GC heap before
{Heap before GC invocations=11 (full 0):
 garbage-first heap   total 171008K, used 129261K [0x00000000c0000000, 0x0000000100000000)
  region size 1024K, 83 young (84992K), 3 survivors (3072K)
 Metaspace       used 29204K, committed 29504K, reserved 1114112K
  class space    used 3316K, committed 3456K, reserved 1048576K
}
Event: 6.969 GC heap after
{Heap after GC invocations=12 (full 0):
 garbage-first heap   total 171008K, used 49393K [0x00000000c0000000, 0x0000000100000000)
  region size 1024K, 5 young (5120K), 5 survivors (5120K)
 Metaspace       used 29204K, committed 29504K, reserved 1114112K
  class space    used 3316K, committed 3456K, reserved 1048576K
}
Event: 11.529 GC heap before
{Heap before GC invocations=12 (full 0):
 garbage-first heap   total 171008K, used 126193K [0x00000000c0000000, 0x0000000100000000)
  region size 1024K, 80 young (81920K), 5 survivors (5120K)
 Metaspace       used 31068K, committed 31488K, reserved 1114112K
  class space    used 3518K, committed 3712K, reserved 1048576K
}
Event: 11.542 GC heap after
{Heap after GC invocations=13 (full 0):
 garbage-first heap   total 171008K, used 51382K [0x00000000c0000000, 0x0000000100000000)
  region size 1024K, 7 young (7168K), 7 survivors (7168K)
 Metaspace       used 31068K, committed 31488K, reserved 1114112K
  class space    used 3518K, committed 3712K, reserved 1048576K
}

