# JRE version: Java(TM) SE Runtime Environment (17.0.10+11) (build 17.0.10+11-LTS-240)
# Java VM: Java HotSpot(TM) 64-Bit Server VM (17.0.10+11-LTS-240, mixed mode, sharing, tiered, compressed oops, compressed class ptrs, g1 gc, windows-amd64)
GC Precious Log:
 CPUs: 12 total, 12 available
 Memory: 16109M
 Large Page Support: Disabled
 NUMA Support: Disabled
 Compressed Oops: Enabled (Zero based)
 Heap Region Size: 2M
 Heap Min Capacity: 8M
 Heap Initial Capacity: 252M
 Heap Max Capacity: 4028M
 Pre-touch: Disabled
 Parallel Workers: 10
 Concurrent Workers: 3
 Concurrent Refinement Workers: 10
 Periodic GC: Disabled
Heap:
 garbage-first heap   total 100352K, used 65789K [0x0000000704400000, 0x0000000800000000)
  region size 2048K, 12 young (24576K), 2 survivors (4096K)
 Metaspace       used 29234K, committed 29568K, reserved 1114112K
  class space    used 3311K, committed 3456K, reserved 1048576K
GC Heap History (16 events):
Event: 0.863 GC heap before
{Heap before GC invocations=0 (full 0):
 garbage-first heap   total 258048K, used 22528K [0x0000000704400000, 0x0000000800000000)
  region size 2048K, 11 young (22528K), 0 survivors (0K)
 Metaspace       used 4509K, committed 4672K, reserved 1114112K
  class space    used 521K, committed 576K, reserved 1048576K
}
Event: 0.869 GC heap after
{Heap after GC invocations=1 (full 0):
 garbage-first heap   total 258048K, used 3482K [0x0000000704400000, 0x0000000800000000)
  region size 2048K, 2 young (4096K), 2 survivors (4096K)
 Metaspace       used 4509K, committed 4672K, reserved 1114112K
  class space    used 521K, committed 576K, reserved 1048576K
}
Event: 1.427 GC heap before
{Heap before GC invocations=1 (full 0):
 garbage-first heap   total 258048K, used 34202K [0x0000000704400000, 0x0000000800000000)
  region size 2048K, 17 young (34816K), 2 survivors (4096K)
 Metaspace       used 6982K, committed 7168K, reserved 1114112K
  class space    used 839K, committed 896K, reserved 1048576K
}
Event: 1.430 GC heap after
{Heap after GC invocations=2 (full 0):
 garbage-first heap   total 258048K, used 4423K [0x0000000704400000, 0x0000000800000000)
  region size 2048K, 1 young (2048K), 1 survivors (2048K)
 Metaspace       used 6982K, committed 7168K, reserved 1114112K
  class space    used 839K, committed 896K, reserved 1048576K
}
Event: 14.805 GC heap before
{Heap before GC invocations=2 (full 0):
 garbage-first heap   total 258048K, used 155975K [0x0000000704400000, 0x0000000800000000)
  region size 2048K, 75 young (153600K), 1 survivors (2048K)
 Metaspace       used 16590K, committed 16896K, reserved 1114112K
  class space    used 1945K, committed 2112K, reserved 1048576K
}
Event: 14.837 GC heap after
{Heap after GC invocations=3 (full 0):
 garbage-first heap   total 258048K, used 13974K [0x0000000704400000, 0x0000000800000000)
  region size 2048K, 6 young (12288K), 6 survivors (12288K)
 Metaspace       used 16590K, committed 16896K, reserved 1114112K
  class space    used 1945K, committed 2112K, reserved 1048576K
}
Event: 21.080 GC heap before
{Heap before GC invocations=3 (full 0):
 garbage-first heap   total 258048K, used 54934K [0x0000000704400000, 0x0000000800000000)
  region size 2048K, 25 young (51200K), 6 survivors (12288K)
 Metaspace       used 21294K, committed 21504K, reserved 1114112K
  class space    used 2487K, committed 2560K, reserved 1048576K
}
Event: 21.102 GC heap after
{Heap after GC invocations=4 (full 0):
 garbage-first heap   total 258048K, used 23824K [0x0000000704400000, 0x0000000800000000)
  region size 2048K, 8 young (16384K), 8 survivors (16384K)
 Metaspace       used 21294K, committed 21504K, reserved 1114112K
  class space    used 2487K, committed 2560K, reserved 1048576K
}
Event: 27.324 GC heap before
{Heap before GC invocations=5 (full 0):
 garbage-first heap   total 90112K, used 66832K [0x0000000704400000, 0x0000000800000000)
  region size 2048K, 30 young (61440K), 8 survivors (16384K)
 Metaspace       used 26004K, committed 26304K, reserved 1114112K
  class space    used 3011K, committed 3136K, reserved 1048576K
}
Event: 27.358 GC heap after
{Heap after GC invocations=6 (full 0):
 garbage-first heap   total 100352K, used 36658K [0x0000000704400000, 0x0000000800000000)
  region size 2048K, 10 young (20480K), 10 survivors (20480K)
 Metaspace       used 26004K, committed 26304K, reserved 1114112K
  class space    used 3011K, committed 3136K, reserved 1048576K
}
Event: 31.767 GC heap before
{Heap before GC invocations=6 (full 0):
 garbage-first heap   total 100352K, used 71474K [0x0000000704400000, 0x0000000800000000)
  region size 2048K, 26 young (53248K), 10 survivors (20480K)
 Metaspace       used 26453K, committed 26816K, reserved 1114112K
  class space    used 3022K, committed 3200K, reserved 1048576K
}
Event: 31.802 GC heap after
{Heap after GC invocations=7 (full 0):
 garbage-first heap   total 100352K, used 45474K [0x0000000704400000, 0x0000000800000000)
  region size 2048K, 4 young (8192K), 4 survivors (8192K)
 Metaspace       used 26453K, committed 26816K, reserved 1114112K
  class space    used 3022K, committed 3200K, reserved 1048576K
}
Event: 35.766 GC heap before
{Heap before GC invocations=7 (full 0):
 garbage-first heap   total 100352K, used 70050K [0x0000000704400000, 0x0000000800000000)
  region size 2048K, 17 young (34816K), 4 survivors (8192K)
 Metaspace       used 28025K, committed 28352K, reserved 1114112K
  class space    used 3186K, committed 3328K, reserved 1048576K
}
Event: 35.791 GC heap after
{Heap after GC invocations=8 (full 0):
 garbage-first heap   total 100352K, used 46672K [0x0000000704400000, 0x0000000800000000)
  region size 2048K, 1 young (2048K), 1 survivors (2048K)
 Metaspace       used 28025K, committed 28352K, reserved 1114112K
  class space    used 3186K, committed 3328K, reserved 1048576K
}
Event: 40.965 GC heap before
{Heap before GC invocations=8 (full 0):
 garbage-first heap   total 100352K, used 73296K [0x0000000704400000, 0x0000000800000000)
  region size 2048K, 15 young (30720K), 1 survivors (2048K)
 Metaspace       used 28968K, committed 29376K, reserved 1114112K
  class space    used 3288K, committed 3456K, reserved 1048576K
}
Event: 40.977 GC heap after
{Heap after GC invocations=9 (full 0):
 garbage-first heap   total 100352K, used 47357K [0x0000000704400000, 0x0000000800000000)
  region size 2048K, 2 young (4096K), 2 survivors (4096K)
 Metaspace       used 28968K, committed 29376K, reserved 1114112K
  class space    used 3288K, committed 3456K, reserved 1048576K
}

