# JRE version: Java(TM) SE Runtime Environment (17.0.10+11) (build 17.0.10+11-LTS-240)
# Java VM: Java HotSpot(TM) 64-Bit Server VM (17.0.10+11-LTS-240, mixed mode, sharing, tiered, compressed oops, compressed class ptrs, g1 gc, windows-amd64)
GC Precious Log:
 CPUs: 12 total, 12 available
 Memory: 16109M
 Large Page Support: Disabled
 NUMA Support: Disabled
 Compressed Oops: Enabled (Zero based)
 Heap Region Size: 2M
 Heap Min Capacity: 8M
 Heap Initial Capacity: 252M
 Heap Max Capacity: 4028M
 Pre-touch: Disabled
 Parallel Workers: 10
 Concurrent Workers: 3
 Concurrent Refinement Workers: 10
 Periodic GC: Disabled
Heap:
 garbage-first heap   total 120832K, used 64376K [0x0000000704400000, 0x0000000800000000)
  region size 2048K, 9 young (18432K), 2 survivors (4096K)
 Metaspace       used 31776K, committed 32128K, reserved 1114112K
  class space    used 3552K, committed 3712K, reserved 1048576K
GC Heap History (20 events):
Event: 7.993 GC heap before
{Heap before GC invocations=3 (full 0):
 garbage-first heap   total 258048K, used 53200K [0x0000000704400000, 0x0000000800000000)
  region size 2048K, 24 young (49152K), 6 survivors (12288K)
 Metaspace       used 21274K, committed 21504K, reserved 1114112K
  class space    used 2486K, committed 2560K, reserved 1048576K
}
Event: 8.011 GC heap after
{Heap after GC invocations=4 (full 0):
 garbage-first heap   total 258048K, used 23905K [0x0000000704400000, 0x0000000800000000)
  region size 2048K, 8 young (16384K), 8 survivors (16384K)
 Metaspace       used 21274K, committed 21504K, reserved 1114112K
  class space    used 2486K, committed 2560K, reserved 1048576K
}
Event: 10.299 GC heap before
{Heap before GC invocations=5 (full 0):
 garbage-first heap   total 90112K, used 66913K [0x0000000704400000, 0x0000000800000000)
  region size 2048K, 30 young (61440K), 8 survivors (16384K)
 Metaspace       used 25982K, committed 26240K, reserved 1114112K
  class space    used 3011K, committed 3136K, reserved 1048576K
}
Event: 10.323 GC heap after
{Heap after GC invocations=6 (full 0):
 garbage-first heap   total 100352K, used 36419K [0x0000000704400000, 0x0000000800000000)
  region size 2048K, 10 young (20480K), 10 survivors (20480K)
 Metaspace       used 25982K, committed 26240K, reserved 1114112K
  class space    used 3011K, committed 3136K, reserved 1048576K
}
Event: 11.680 GC heap before
{Heap before GC invocations=6 (full 0):
 garbage-first heap   total 100352K, used 71235K [0x0000000704400000, 0x0000000800000000)
  region size 2048K, 26 young (53248K), 10 survivors (20480K)
 Metaspace       used 26432K, committed 26752K, reserved 1114112K
  class space    used 3022K, committed 3200K, reserved 1048576K
}
Event: 11.705 GC heap after
{Heap after GC invocations=7 (full 0):
 garbage-first heap   total 100352K, used 45976K [0x0000000704400000, 0x0000000800000000)
  region size 2048K, 4 young (8192K), 4 survivors (8192K)
 Metaspace       used 26432K, committed 26752K, reserved 1114112K
  class space    used 3022K, committed 3200K, reserved 1048576K
}
Event: 14.249 GC heap before
{Heap before GC invocations=7 (full 0):
 garbage-first heap   total 100352K, used 72600K [0x0000000704400000, 0x0000000800000000)
  region size 2048K, 17 young (34816K), 4 survivors (8192K)
 Metaspace       used 27968K, committed 28288K, reserved 1114112K
  class space    used 3183K, committed 3328K, reserved 1048576K
}
Event: 14.265 GC heap after
{Heap after GC invocations=8 (full 0):
 garbage-first heap   total 100352K, used 47763K [0x0000000704400000, 0x0000000800000000)
  region size 2048K, 1 young (2048K), 1 survivors (2048K)
 Metaspace       used 27968K, committed 28288K, reserved 1114112K
  class space    used 3183K, committed 3328K, reserved 1048576K
}
Event: 15.750 GC heap before
{Heap before GC invocations=8 (full 0):
 garbage-first heap   total 100352K, used 74387K [0x0000000704400000, 0x0000000800000000)
  region size 2048K, 14 young (28672K), 1 survivors (2048K)
 Metaspace       used 28890K, committed 29248K, reserved 1114112K
  class space    used 3284K, committed 3456K, reserved 1048576K
}
Event: 15.759 GC heap after
{Heap after GC invocations=9 (full 0):
 garbage-first heap   total 100352K, used 48429K [0x0000000704400000, 0x0000000800000000)
  region size 2048K, 2 young (4096K), 2 survivors (4096K)
 Metaspace       used 28890K, committed 29248K, reserved 1114112K
  class space    used 3284K, committed 3456K, reserved 1048576K
}
Event: 16.617 GC heap before
{Heap before GC invocations=10 (full 0):
 garbage-first heap   total 100352K, used 75053K [0x0000000704400000, 0x0000000800000000)
  region size 2048K, 15 young (30720K), 2 survivors (4096K)
 Metaspace       used 29252K, committed 29632K, reserved 1114112K
  class space    used 3314K, committed 3456K, reserved 1048576K
}
Event: 16.626 GC heap after
{Heap after GC invocations=11 (full 0):
 garbage-first heap   total 100352K, used 49259K [0x0000000704400000, 0x0000000800000000)
  region size 2048K, 2 young (4096K), 2 survivors (4096K)
 Metaspace       used 29252K, committed 29632K, reserved 1114112K
  class space    used 3314K, committed 3456K, reserved 1048576K
}
Event: 17.033 GC heap before
{Heap before GC invocations=11 (full 0):
 garbage-first heap   total 100352K, used 77931K [0x0000000704400000, 0x0000000800000000)
  region size 2048K, 16 young (32768K), 2 survivors (4096K)
 Metaspace       used 29351K, committed 29696K, reserved 1114112K
  class space    used 3318K, committed 3456K, reserved 1048576K
}
Event: 17.044 GC heap after
{Heap after GC invocations=12 (full 0):
 garbage-first heap   total 100352K, used 49839K [0x0000000704400000, 0x0000000800000000)
  region size 2048K, 2 young (4096K), 2 survivors (4096K)
 Metaspace       used 29351K, committed 29696K, reserved 1114112K
  class space    used 3318K, committed 3456K, reserved 1048576K
}
Event: 17.912 GC heap before
{Heap before GC invocations=13 (full 0):
 garbage-first heap   total 100352K, used 78511K [0x0000000704400000, 0x0000000800000000)
  region size 2048K, 16 young (32768K), 2 survivors (4096K)
 Metaspace       used 29471K, committed 29824K, reserved 1114112K
  class space    used 3318K, committed 3456K, reserved 1048576K
}
Event: 17.920 GC heap after
{Heap after GC invocations=14 (full 0):
 garbage-first heap   total 100352K, used 50443K [0x0000000704400000, 0x0000000800000000)
  region size 2048K, 2 young (4096K), 2 survivors (4096K)
 Metaspace       used 29471K, committed 29824K, reserved 1114112K
  class space    used 3318K, committed 3456K, reserved 1048576K
}
Event: 18.525 GC heap before
{Heap before GC invocations=14 (full 0):
 garbage-first heap   total 100352K, used 79115K [0x0000000704400000, 0x0000000800000000)
  region size 2048K, 16 young (32768K), 2 survivors (4096K)
 Metaspace       used 29548K, committed 29888K, reserved 1114112K
  class space    used 3318K, committed 3456K, reserved 1048576K
}
Event: 18.533 GC heap after
{Heap after GC invocations=15 (full 0):
 garbage-first heap   total 120832K, used 50519K [0x0000000704400000, 0x0000000800000000)
  region size 2048K, 1 young (2048K), 1 survivors (2048K)
 Metaspace       used 29548K, committed 29888K, reserved 1114112K
  class space    used 3318K, committed 3456K, reserved 1048576K
}
Event: 22.509 GC heap before
{Heap before GC invocations=16 (full 0):
 garbage-first heap   total 120832K, used 95575K [0x0000000704400000, 0x0000000800000000)
  region size 2048K, 24 young (49152K), 1 survivors (2048K)
 Metaspace       used 31368K, committed 31744K, reserved 1114112K
  class space    used 3522K, committed 3712K, reserved 1048576K
}
Event: 22.520 GC heap after
{Heap after GC invocations=17 (full 0):
 garbage-first heap   total 120832K, used 52088K [0x0000000704400000, 0x0000000800000000)
  region size 2048K, 2 young (4096K), 2 survivors (4096K)
 Metaspace       used 31368K, committed 31744K, reserved 1114112K
  class space    used 3522K, committed 3712K, reserved 1048576K
}

